<?xml version="1.0" encoding="UTF-8"?>
<!-- Generated by org.testng.reporters.JUnitXMLReporter -->
<testsuite hostname="DESKTOP-JVK1AED" ignored="0" name="Test" tests="3" failures="0" timestamp="2020-01-28T09:28:09 IST" time="0.086" errors="0">
  <testcase name="@BeforeMethod Precondition" time="-1.580183888887E9" classname="Com_ActiTime_Generic.BaseTest">
    <failure type="org.testng.TestNGException" message="
Parameter &amp;apos;nodeurl&amp;apos; is required by BeforeMethod on method Precondition but has not been marked @Optional or defined
in C:\Users\Pluto\Desktop\HSSM37FW\ActiTime\testng.xml">
      <![CDATA[org.testng.TestNGException: 
Parameter 'nodeurl' is required by BeforeMethod on method Precondition but has not been marked @Optional or defined
in C:\Users\Pluto\Desktop\HSSM37FW\ActiTime\testng.xml
at java.util.ArrayList.forEach(Unknown Source)
... Removed 28 stack frames]]>
    </failure>
  </testcase> <!-- @BeforeMethod Precondition -->
  <testcase name="@AfterMethod Postcondition" time="-1.580183888908E9" classname="Com_ActiTime_Generic.BaseTest">
    <skipped/>
  </testcase> <!-- @AfterMethod Postcondition -->
  <testcase name="@BeforeMethod Precondition" time="-1.580183888913E9" classname="Com_ActiTime_Generic.BaseTest">
    <failure type="org.testng.TestNGException" message="
Parameter &amp;apos;nodeurl&amp;apos; is required by BeforeMethod on method Precondition but has not been marked @Optional or defined
in C:\Users\Pluto\Desktop\HSSM37FW\ActiTime\testng.xml">
      <![CDATA[org.testng.TestNGException: 
Parameter 'nodeurl' is required by BeforeMethod on method Precondition but has not been marked @Optional or defined
in C:\Users\Pluto\Desktop\HSSM37FW\ActiTime\testng.xml
at java.util.ArrayList.forEach(Unknown Source)
... Removed 28 stack frames]]>
    </failure>
  </testcase> <!-- @BeforeMethod Precondition -->
  <testcase name="@AfterMethod Postcondition" time="-1.580183888919E9" classname="Com_ActiTime_Generic.BaseTest">
    <skipped/>
  </testcase> <!-- @AfterMethod Postcondition -->
  <testcase name="@BeforeMethod Precondition" time="-1.580183888922E9" classname="Com_ActiTime_Generic.BaseTest">
    <failure type="org.testng.TestNGException" message="
Parameter &amp;apos;nodeurl&amp;apos; is required by BeforeMethod on method Precondition but has not been marked @Optional or defined
in C:\Users\Pluto\Desktop\HSSM37FW\ActiTime\testng.xml">
      <![CDATA[org.testng.TestNGException: 
Parameter 'nodeurl' is required by BeforeMethod on method Precondition but has not been marked @Optional or defined
in C:\Users\Pluto\Desktop\HSSM37FW\ActiTime\testng.xml
at java.util.ArrayList.forEach(Unknown Source)
... Removed 28 stack frames]]>
    </failure>
  </testcase> <!-- @BeforeMethod Precondition -->
  <testcase name="@AfterMethod Postcondition" time="-1.580183888929E9" classname="Com_ActiTime_Generic.BaseTest">
    <skipped/>
  </testcase> <!-- @AfterMethod Postcondition -->
  <testcase name="ValidLoginLogout" time="0.0" classname="Com_ActiTime_Tests.ValidLoginLogoutTest">
    <skipped/>
  </testcase> <!-- ValidLoginLogout -->
  <testcase name="VerifyVersion" time="0.0" classname="Com_ActiTime_Tests.VerifyVersionTest">
    <skipped/>
  </testcase> <!-- VerifyVersion -->
  <testcase name="InvalidLogin" time="0.0" classname="Com_ActiTime_Tests.InvalidLoginTest">
    <skipped/>
  </testcase> <!-- InvalidLogin -->
</testsuite> <!-- Test -->
