<!DOCTYPE html PUBLIC "-//W3C//DTD XHTML 1.1//EN" "http://www.w3.org/TR/xhtml11/DTD/xhtml11.dtd">
<html xmlns="http://www.w3.org/1999/xhtml">
<head>
<meta http-equiv="content-type" content="text/html; charset=UTF-8"/>
<title>TestNG Report</title>
<style type="text/css">table {margin-bottom:10px;border-collapse:collapse;empty-cells:show}th,td {border:1px solid #009;padding:.25em .5em}th {vertical-align:bottom}td {vertical-align:top}table a {font-weight:bold}.stripe td {background-color: #E6EBF9}.num {text-align:right}.passedodd td {background-color: #3F3}.passedeven td {background-color: #0A0}.skippedodd td {background-color: #DDD}.skippedeven td {background-color: #CCC}.failedodd td,.attn {background-color: #F33}.failedeven td,.stripe .attn {background-color: #D00}.stacktrace {white-space:pre;font-family:monospace}.totop {font-size:85%;text-align:center;border-bottom:2px solid #000}.invisible {display:none}</style>
</head>
<body>
<table>
<tr><th>Test</th><th># Passed</th><th># Skipped</th><th># Retried</th><th># Failed</th><th>Time (ms)</th><th>Included Groups</th><th>Excluded Groups</th></tr>
<tr><th colspan="7">Suite</th></tr>
<tr><td><a href="#t0">Test</a></td><td class="num">0</td><td class="num attn">3</td><td class="num">0</td><td class="num">0</td><td class="num">86</td><td></td><td></td></tr>
</table>
<table id='summary'><thead><tr><th>Class</th><th>Method</th><th>Start</th><th>Time (ms)</th></tr></thead><tbody><tr><th colspan="4">Suite</th></tr></tbody><tbody id="t0"><tr><th colspan="4">Test &#8212; failed (configuration methods)</th></tr><tr class="failedeven"><td rowspan="1">Com_ActiTime_Tests.InvalidLoginTest</td><td><a href="#m0">Precondition</a></td><td rowspan="1">1580183888922</td><td rowspan="1">-1580183888922</td></tr><tr class="failedodd"><td rowspan="1">Com_ActiTime_Tests.ValidLoginLogoutTest</td><td><a href="#m1">Precondition</a></td><td rowspan="1">1580183888887</td><td rowspan="1">-1580183888887</td></tr><tr class="failedeven"><td rowspan="1">Com_ActiTime_Tests.VerifyVersionTest</td><td><a href="#m2">Precondition</a></td><td rowspan="1">1580183888913</td><td rowspan="1">-1580183888913</td></tr><tr><th colspan="4">Test &#8212; skipped (configuration methods)</th></tr><tr class="skippedeven"><td rowspan="1">Com_ActiTime_Tests.InvalidLoginTest</td><td><a href="#m3">Postcondition</a></td><td rowspan="1">1580183888929</td><td rowspan="1">-1580183888929</td></tr><tr class="skippedodd"><td rowspan="1">Com_ActiTime_Tests.ValidLoginLogoutTest</td><td><a href="#m4">Postcondition</a></td><td rowspan="1">1580183888908</td><td rowspan="1">-1580183888908</td></tr><tr class="skippedeven"><td rowspan="1">Com_ActiTime_Tests.VerifyVersionTest</td><td><a href="#m5">Postcondition</a></td><td rowspan="1">1580183888919</td><td rowspan="1">-1580183888919</td></tr><tr><th colspan="4">Test &#8212; skipped</th></tr><tr class="skippedeven"><td rowspan="1">Com_ActiTime_Tests.InvalidLoginTest</td><td><a href="#m6">InvalidLogin</a></td><td rowspan="1">1580183888925</td><td rowspan="1">0</td></tr><tr class="skippedodd"><td rowspan="1">Com_ActiTime_Tests.ValidLoginLogoutTest</td><td><a href="#m7">ValidLoginLogout</a></td><td rowspan="1">1580183888899</td><td rowspan="1">0</td></tr><tr class="skippedeven"><td rowspan="1">Com_ActiTime_Tests.VerifyVersionTest</td><td><a href="#m8">VerifyVersion</a></td><td rowspan="1">1580183888914</td><td rowspan="1">0</td></tr></tbody>
</table>
<h2>Test</h2><h3 id="m0">Com_ActiTime_Tests.InvalidLoginTest#Precondition</h3><table class="result"><tr><th>Exception</th></tr><tr><td><div class="stacktrace">org.testng.TestNGException: 
Parameter &apos;nodeurl&apos; is required by BeforeMethod on method Precondition but has not been marked @Optional or defined
in C:\Users\Pluto\Desktop\HSSM37FW\ActiTime\testng.xml
	at java.util.ArrayList.forEach(Unknown Source)
... Removed 28 stack frames</div></td></tr></table><p class="totop"><a href="#summary">back to summary</a></p>
<h3 id="m1">Com_ActiTime_Tests.ValidLoginLogoutTest#Precondition</h3><table class="result"><tr><th>Exception</th></tr><tr><td><div class="stacktrace">org.testng.TestNGException: 
Parameter &apos;nodeurl&apos; is required by BeforeMethod on method Precondition but has not been marked @Optional or defined
in C:\Users\Pluto\Desktop\HSSM37FW\ActiTime\testng.xml
	at java.util.ArrayList.forEach(Unknown Source)
... Removed 28 stack frames</div></td></tr></table><p class="totop"><a href="#summary">back to summary</a></p>
<h3 id="m2">Com_ActiTime_Tests.VerifyVersionTest#Precondition</h3><table class="result"><tr><th>Exception</th></tr><tr><td><div class="stacktrace">org.testng.TestNGException: 
Parameter &apos;nodeurl&apos; is required by BeforeMethod on method Precondition but has not been marked @Optional or defined
in C:\Users\Pluto\Desktop\HSSM37FW\ActiTime\testng.xml
	at java.util.ArrayList.forEach(Unknown Source)
... Removed 28 stack frames</div></td></tr></table><p class="totop"><a href="#summary">back to summary</a></p>
<h3 id="m3">Com_ActiTime_Tests.InvalidLoginTest#Postcondition</h3><table class="result"><tr><th class="invisible"/></tr></table><p class="totop"><a href="#summary">back to summary</a></p>
<h3 id="m4">Com_ActiTime_Tests.ValidLoginLogoutTest#Postcondition</h3><table class="result"><tr><th class="invisible"/></tr></table><p class="totop"><a href="#summary">back to summary</a></p>
<h3 id="m5">Com_ActiTime_Tests.VerifyVersionTest#Postcondition</h3><table class="result"><tr><th class="invisible"/></tr></table><p class="totop"><a href="#summary">back to summary</a></p>
<h3 id="m6">Com_ActiTime_Tests.InvalidLoginTest#InvalidLogin</h3><table class="result"><tr><th>Exception</th></tr><tr><td><div class="stacktrace">org.testng.TestNGException: 
Parameter &apos;nodeurl&apos; is required by BeforeMethod on method Precondition but has not been marked @Optional or defined
in C:\Users\Pluto\Desktop\HSSM37FW\ActiTime\testng.xml
	at java.util.ArrayList.forEach(Unknown Source)
... Removed 28 stack frames</div></td></tr></table><p class="totop"><a href="#summary">back to summary</a></p>
<h3 id="m7">Com_ActiTime_Tests.ValidLoginLogoutTest#ValidLoginLogout</h3><table class="result"><tr><th>Exception</th></tr><tr><td><div class="stacktrace">org.testng.TestNGException: 
Parameter &apos;nodeurl&apos; is required by BeforeMethod on method Precondition but has not been marked @Optional or defined
in C:\Users\Pluto\Desktop\HSSM37FW\ActiTime\testng.xml
	at java.util.ArrayList.forEach(Unknown Source)
... Removed 28 stack frames</div></td></tr></table><p class="totop"><a href="#summary">back to summary</a></p>
<h3 id="m8">Com_ActiTime_Tests.VerifyVersionTest#VerifyVersion</h3><table class="result"><tr><th>Exception</th></tr><tr><td><div class="stacktrace">org.testng.TestNGException: 
Parameter &apos;nodeurl&apos; is required by BeforeMethod on method Precondition but has not been marked @Optional or defined
in C:\Users\Pluto\Desktop\HSSM37FW\ActiTime\testng.xml
	at java.util.ArrayList.forEach(Unknown Source)
... Removed 28 stack frames</div></td></tr></table><p class="totop"><a href="#summary">back to summary</a></p>
</body>
</html>
